2012.12.05 19:48:56 Seeding PRNG from /dev/urandom.
2012.12.05 19:48:56 LDMud 3.3.720 (Build 3010) (stable)
2012.12.05 19:48:56 Attempting to start erq '/usr/local/muds/heaven7/bin/erq'.
2012.12.05 19:48:56 Hostname 'serv01' address '127.0.0.1'
Loading init file /secure/init_file
Preloading file: secure/security.c 0.00
Preloading file: inherit/base/living.c 0.04
Preloading file: obj/player.c 0.03
Preloading file: obj/wizard.c 0.02
Preloading file: inherit/room2.c 0.01
Preloading file: inherit/monster.c 0.01
Preloading file: inherit/weapon.c 0.00
Preloading file: inherit/armour.c 0.00
Preloading file: obj/soul_fcn.c 0.01
Preloading file: d/ooc/rooms/ooc1.c 0.01
Preloading file: d/affils/realestate/real.c]Warning: Can't scan filename.
 0.06
Preloading file: d/affils/ships/start_ships.c]Loading ship file: /d/affils/ships/open/types/tamiel/stern.c
]Loading ship file: /d/affils/ships/open/types/bounty/stern.c
]Loading ship file: /d/affils/ships/open/types/turtle/stern.c
 0.02
Preloading file: bin/std/get.c 0.00
Preloading file: bin/std/put.c 0.00
Preloading file: bin/std/put.c 0.00
Preloading file: bin/std/take.c 0.00
2012.12.05 19:48:56 LDMud ready for users.
Bad arg 1 to environment(): got 'number', expected 'string/object'. in d/coronos/w/angel/city/obj/lsword (d/coronos/w/angel/city/obj/lsword.c:57)
Time: Wed Dec 05 19:49:02 2012
-------------------------------------------------
]Time out
Bad arg 1 to tell_object(): got 'number', expected 'string/object'. in wiz/emraef/open/scav/resource_d (wiz/emraef/open/scav/resource_d.c:317)
Time: Wed Dec 05 19:59:28 2012
-------------------------------------------------
Bad arg 1 to tell_object(): got 'number', expected 'string/object'. in wiz/emraef/open/scav/resource_d (wiz/emraef/open/scav/resource_d.c:317)
-------------------------------------------------
